This is pdfTeX, Version 3.1415926-1.40.10 (MiKTeX 2.8) (preloaded format=pdflatex 2010.1.8)  25 OCT 2011 13:47
entering extended mode
**C:/Users/Frieder/Documents/TUM/Ubitrack/Ubitrack/doc/misc/markers/marker.tex
(C:/Users/Frieder/Documents/TUM/Ubitrack/Ubitrack/doc/misc/markers/marker.tex
LaTeX2e <2005/12/01>
Babel <v3.8l> and hyphenation patterns for english, dumylang, nohyphenation, german, ngerman, german-x-2009-06-19, ngerm
an-x-2009-06-19, french, loaded.
("C:\Program Files\MiKTeX 2.8\tex\latex\koma-script\scrartcl.cls"
Document Class: scrartcl 2009/07/24 v3.04a KOMA-Script document class (article)
("C:\Program Files\MiKTeX 2.8\tex\latex\koma-script\scrkbase.sty"
Package: scrkbase 2009/07/24 v3.04a KOMA-Script package (KOMA-Script-dependent basics and keyval usage)

("C:\Program Files\MiKTeX 2.8\tex\latex\koma-script\scrbase.sty"
Package: scrbase 2009/07/24 v3.04a KOMA-Script package (KOMA-Script-independent basics and keyval usage)

("C:\Program Files\MiKTeX 2.8\tex\latex\graphics\keyval.sty"
Package: keyval 1999/03/16 v1.13 key=value parser (DPC)
\KV@toks@=\toks14
)
("C:\Program Files\MiKTeX 2.8\tex\latex\koma-script\scrlfile.sty"
Package: scrlfile 2009/03/25 v3.03 KOMA-Script package (loading files)

Package scrlfile, 2009/03/25 v3.03 KOMA-Script package (loading files)
                  Copyright (C) Markus Kohm

))) ("C:\Program Files\MiKTeX 2.8\tex\latex\koma-script\tocbasic.sty"
Package: tocbasic 2009/06/08 v3.03b KOMA-Script package (handling toc-files)
)
Package tocbasic Info: omitting babel extension for `toc'
(tocbasic)             because of feature `nobabel' available
(tocbasic)             for `toc' on input line 115.
Package tocbasic Info: omitting babel extension for `lof'
(tocbasic)             because of feature `nobabel' available
(tocbasic)             for `lof' on input line 116.
Package tocbasic Info: omitting babel extension for `lot'
(tocbasic)             because of feature `nobabel' available
(tocbasic)             for `lot' on input line 117.
Package scrartcl Info: You've used obsolete option `11pt'.
(scrartcl)             \KOMAExecuteOptions{fontsize=11pt} will be
(scrartcl)             used instead.
(scrartcl)             You may simply replace `11pt'
(scrartcl)             by `fontsize=11pt'.
Class scrartcl Info: File `scrsize11pt.clo' used to setup font sizes on input line 1171.

("C:\Program Files\MiKTeX 2.8\tex\latex\koma-script\scrsize11pt.clo"
File: scrsize11pt.clo 2009/07/24 v3.04a KOMA-Script font size class option (11pt)
)
("C:\Program Files\MiKTeX 2.8\tex\latex\koma-script\typearea.sty"
Package: typearea 2009/07/24 v3.04a KOMA-Script package (type area)

Package typearea, 2009/07/24 v3.04a KOMA-Script package (type area)
                  Copyright (C) Frank Neukam, 1992-1994
                  Copyright (C) Markus Kohm, 1994-

\ta@bcor=\skip41
\ta@div=\count79
\ta@hblk=\skip42
\ta@vblk=\skip43
\ta@temp=\skip44
Package typearea Info: These are the values describing the layout:
(typearea)             DIV  = 10
(typearea)             BCOR = 0.0pt
(typearea)             \paperwidth      = 597.50793pt
(typearea)              \textwidth      = 418.25555pt
(typearea)              DIV departure   = -6%
(typearea)              \evensidemargin = 17.3562pt
(typearea)              \oddsidemargin  = 17.3562pt
(typearea)             \paperheight     = 845.04694pt
(typearea)              \textheight     = 595.80026pt
(typearea)              \topmargin      = -25.16531pt
(typearea)              \headheight     = 17.0pt
(typearea)              \headsep        = 20.40001pt
(typearea)              \topskip        = 11.0pt
(typearea)              \footskip       = 47.60002pt
(typearea)              \baselineskip   = 13.6pt
(typearea)              on input line 1115.
)
\c@part=\count80
\c@section=\count81
\c@subsection=\count82
\c@subsubsection=\count83
\c@paragraph=\count84
\c@subparagraph=\count85
\abovecaptionskip=\skip45
\belowcaptionskip=\skip46
\c@pti@nb@sid@b@x=\box26
\c@figure=\count86
\c@table=\count87
\bibindent=\dimen102
) ("C:\Program Files\MiKTeX 2.8\tex\latex\graphics\graphicx.sty"
Package: graphicx 1999/02/16 v1.0f Enhanced LaTeX Graphics (DPC,SPQR)

("C:\Program Files\MiKTeX 2.8\tex\latex\graphics\graphics.sty"
Package: graphics 2006/02/20 v1.0o Standard LaTeX Graphics (DPC,SPQR)
 ("C:\Program Files\MiKTeX 2.8\tex\latex\graphics\trig.sty"
Package: trig 1999/03/16 v1.09 sin cos tan (DPC)
) ("C:\Program Files\MiKTeX 2.8\tex\latex\00miktex\graphics.cfg"
File: graphics.cfg 2007/01/18 v1.5 graphics configuration of teTeX/TeXLive
)
Package graphics Info: Driver file: pdftex.def on input line 90.

("C:\Program Files\MiKTeX 2.8\tex\latex\pdftex-def\pdftex.def"
File: pdftex.def 2009/08/25 v0.04m Graphics/color for pdfTeX
\Gread@gobject=\count88
))
\Gin@req@height=\dimen103
\Gin@req@width=\dimen104
)
("C:\Program Files\MiKTeX 2.8\tex\latex\placeins\placeins.sty"
Package: placeins 2005/04/18  v 2.2
)
("C:\Program Files\MiKTeX 2.8\tex\latex\rotating\rotating.sty"
Package: rotating 2009/03/28 v2.16a rotated objects in LaTeX
 ("C:\Program Files\MiKTeX 2.8\tex\latex\base\ifthen.sty"
Package: ifthen 2001/05/26 v1.1c Standard LaTeX ifthen package (DPC)
)
\c@r@tfl@t=\count89
\rotFPtop=\skip47
\rotFPbot=\skip48
\rot@float@box=\box27
\rot@mess@toks=\toks15
)
Package typearea Info: These are the values describing the layout:
(typearea)             DIV  = areaset
(typearea)             BCOR = 0.0pt
(typearea)             \paperwidth      = 597.50793pt
(typearea)              \textwidth      = 540.60236pt
(typearea)              \evensidemargin = -43.81721pt
(typearea)              \oddsidemargin  = -43.81721pt
(typearea)             \paperheight     = 845.04694pt
(typearea)              \textheight     = 711.3189pt
(typearea)              \topmargin      = -64.04399pt
(typearea)              \headheight     = 15.95pt
(typearea)              \headsep        = 20.40001pt
(typearea)              \topskip        = 11.0pt
(typearea)              \footskip       = 47.60002pt
(typearea)              \baselineskip   = 13.6pt
(typearea)              on input line 8.


LaTeX Warning: Unused global option(s):
    [a4].

(C:\Users\Frieder\Documents\TUM\Ubitrack\Ubitrack\doc\misc\markers\marker.aux)
LaTeX Font Info:    Checking defaults for OML/cmm/m/it on input line 9.
LaTeX Font Info:    ... okay on input line 9.
LaTeX Font Info:    Checking defaults for T1/cmr/m/n on input line 9.
LaTeX Font Info:    ... okay on input line 9.
LaTeX Font Info:    Checking defaults for OT1/cmr/m/n on input line 9.
LaTeX Font Info:    ... okay on input line 9.
LaTeX Font Info:    Checking defaults for OMS/cmsy/m/n on input line 9.
LaTeX Font Info:    ... okay on input line 9.
LaTeX Font Info:    Checking defaults for OMX/cmex/m/n on input line 9.
LaTeX Font Info:    ... okay on input line 9.
LaTeX Font Info:    Checking defaults for U/cmr/m/n on input line 9.
LaTeX Font Info:    ... okay on input line 9.

("C:\Program Files\MiKTeX 2.8\tex\context\base\supp-pdf.tex"
[Loading MPS to PDF converter (version 2006.09.02).]
\scratchcounter=\count90
\scratchdimen=\dimen105
\scratchbox=\box28
\nofMPsegments=\count91
\nofMParguments=\count92
\everyMPshowfont=\toks16
\MPscratchCnt=\count93
\MPscratchDim=\dimen106
\MPnumerator=\count94
\everyMPtoPDFconversion=\toks17
) <0x00A0.png, id=1, 301.125pt x 301.125pt>
File: 0x00A0.png Graphic file (type png)
 <use 0x00A0.png> <0x00CB.png, id=3, 301.125pt x 301.125pt>
File: 0x00CB.png Graphic file (type png)
 <use 0x00CB.png>
[1{C:/ProgramData/MiKTeX/2.8/pdftex/config/pdftex.map} <C:/Users/Frieder/Documents/TUM/Ubitrack/Ubitrack/doc/misc/marker
s/0x00A0.png> <C:/Users/Frieder/Documents/TUM/Ubitrack/Ubitrack/doc/misc/markers/0x00CB.png>]
<0x0A05.png, id=11, 301.125pt x 301.125pt>
File: 0x0A05.png Graphic file (type png)
 <use 0x0A05.png> <0x0B0C.png, id=12, 301.125pt x 301.125pt>
File: 0x0B0C.png Graphic file (type png)
 <use 0x0B0C.png>
[2 <C:/Users/Frieder/Documents/TUM/Ubitrack/Ubitrack/doc/misc/markers/0x0A05.png> <C:/Users/Frieder/Documents/TUM/Ubitra
ck/Ubitrack/doc/misc/markers/0x0B0C.png>] <0x0C5A.png, id=18, 301.125pt x 301.125pt>
File: 0x0C5A.png Graphic file (type png)
 <use 0x0C5A.png>
<0x0D01.png, id=19, 301.125pt x 301.125pt>
File: 0x0D01.png Graphic file (type png)
 <use 0x0D01.png> [3 <C:/Users/Frieder/Documents/TUM/Ubitrack/Ubitrack/doc/misc/markers/0x0C5A.png> <C:/Users/Frieder/Do
cuments/TUM/Ubitrack/Ubitrack/doc/misc/markers/0x0D01.png>]
<0x0E07.png, id=25, 301.125pt x 301.125pt>
File: 0x0E07.png Graphic file (type png)
 <use 0x0E07.png> <0x0F25.png, id=26, 301.125pt x 301.125pt>
File: 0x0F25.png Graphic file (type png)
 <use 0x0F25.png>
[4 <C:/Users/Frieder/Documents/TUM/Ubitrack/Ubitrack/doc/misc/markers/0x0E07.png> <C:/Users/Frieder/Documents/TUM/Ubitra
ck/Ubitrack/doc/misc/markers/0x0F25.png>] <0x01C8.png, id=32, 301.125pt x 301.125pt>
File: 0x01C8.png Graphic file (type png)
 <use 0x01C8.png>
<0x1A1A.png, id=33, 301.125pt x 301.125pt>
File: 0x1A1A.png Graphic file (type png)
 <use 0x1A1A.png> [5 <C:/Users/Frieder/Documents/TUM/Ubitrack/Ubitrack/doc/misc/markers/0x01C8.png> <C:/Users/Frieder/Do
cuments/TUM/Ubitrack/Ubitrack/doc/misc/markers/0x1A1A.png>]
<0x1B3A.png, id=39, 301.125pt x 301.125pt>
File: 0x1B3A.png Graphic file (type png)
 <use 0x1B3A.png> <0x1C0E.png, id=40, 301.125pt x 301.125pt>
File: 0x1C0E.png Graphic file (type png)
 <use 0x1C0E.png>
[6 <C:/Users/Frieder/Documents/TUM/Ubitrack/Ubitrack/doc/misc/markers/0x1B3A.png> <C:/Users/Frieder/Documents/TUM/Ubitra
ck/Ubitrack/doc/misc/markers/0x1C0E.png>] <0x1D7D.png, id=46, 301.125pt x 301.125pt>
File: 0x1D7D.png Graphic file (type png)
 <use 0x1D7D.png>
<0x1E0A.png, id=47, 301.125pt x 301.125pt>
File: 0x1E0A.png Graphic file (type png)
 <use 0x1E0A.png> [7 <C:/Users/Frieder/Documents/TUM/Ubitrack/Ubitrack/doc/misc/markers/0x1D7D.png> <C:/Users/Frieder/Do
cuments/TUM/Ubitrack/Ubitrack/doc/misc/markers/0x1E0A.png>]
<0x1F04.png, id=54, 301.125pt x 301.125pt>
File: 0x1F04.png Graphic file (type png)
 <use 0x1F04.png> <0x02B8.png, id=55, 301.125pt x 301.125pt>
File: 0x02B8.png Graphic file (type png)
 <use 0x02B8.png>
[8 <C:/Users/Frieder/Documents/TUM/Ubitrack/Ubitrack/doc/misc/markers/0x1F04.png> <C:/Users/Frieder/Documents/TUM/Ubitra
ck/Ubitrack/doc/misc/markers/0x02B8.png>] <0x02F8.png, id=61, 301.125pt x 301.125pt>
File: 0x02F8.png Graphic file (type png)
 <use 0x02F8.png>
<0x2A3B.png, id=62, 301.125pt x 301.125pt>
File: 0x2A3B.png Graphic file (type png)
 <use 0x2A3B.png> [9 <C:/Users/Frieder/Documents/TUM/Ubitrack/Ubitrack/doc/misc/markers/0x02F8.png> <C:/Users/Frieder/Do
cuments/TUM/Ubitrack/Ubitrack/doc/misc/markers/0x2A3B.png>]
<0x2B0C.png, id=68, 301.125pt x 301.125pt>
File: 0x2B0C.png Graphic file (type png)
 <use 0x2B0C.png> <0x2C1B.png, id=69, 301.125pt x 301.125pt>
File: 0x2C1B.png Graphic file (type png)
 <use 0x2C1B.png>
[10 <C:/Users/Frieder/Documents/TUM/Ubitrack/Ubitrack/doc/misc/markers/0x2B0C.png> <C:/Users/Frieder/Documents/TUM/Ubitr
ack/Ubitrack/doc/misc/markers/0x2C1B.png>] <0x2D1F.png, id=75, 301.125pt x 301.125pt>
File: 0x2D1F.png Graphic file (type png)
 <use 0x2D1F.png>
<0x2E1F.png, id=76, 301.125pt x 301.125pt>
File: 0x2E1F.png Graphic file (type png)
 <use 0x2E1F.png> [11 <C:/Users/Frieder/Documents/TUM/Ubitrack/Ubitrack/doc/misc/markers/0x2D1F.png> <C:/Users/Frieder/D
ocuments/TUM/Ubitrack/Ubitrack/doc/misc/markers/0x2E1F.png>]
<0x03AF.png, id=82, 301.125pt x 301.125pt>
File: 0x03AF.png Graphic file (type png)
 <use 0x03AF.png> <0x3A1F.png, id=83, 301.125pt x 301.125pt>
File: 0x3A1F.png Graphic file (type png)
 <use 0x3A1F.png>
[12 <C:/Users/Frieder/Documents/TUM/Ubitrack/Ubitrack/doc/misc/markers/0x03AF.png> <C:/Users/Frieder/Documents/TUM/Ubitr
ack/Ubitrack/doc/misc/markers/0x3A1F.png>] <0x3C1A.png, id=89, 301.125pt x 301.125pt>
File: 0x3C1A.png Graphic file (type png)
 <use 0x3C1A.png>
<0x3D2A.png, id=90, 301.125pt x 301.125pt>
File: 0x3D2A.png Graphic file (type png)
 <use 0x3D2A.png> [13 <C:/Users/Frieder/Documents/TUM/Ubitrack/Ubitrack/doc/misc/markers/0x3C1A.png> <C:/Users/Frieder/D
ocuments/TUM/Ubitrack/Ubitrack/doc/misc/markers/0x3D2A.png>]
<0x04A3.png, id=97, 301.125pt x 301.125pt>
File: 0x04A3.png Graphic file (type png)
 <use 0x04A3.png> <0x4D5E.png, id=98, 301.125pt x 301.125pt>
File: 0x4D5E.png Graphic file (type png)
 <use 0x4D5E.png>
[14 <C:/Users/Frieder/Documents/TUM/Ubitrack/Ubitrack/doc/misc/markers/0x04A3.png> <C:/Users/Frieder/Documents/TUM/Ubitr
ack/Ubitrack/doc/misc/markers/0x4D5E.png>] <0x05C8.png, id=104, 301.125pt x 301.125pt>
File: 0x05C8.png Graphic file (type png)
 <use 0x05C8.png>
<0x5CC6.png, id=105, 301.125pt x 301.125pt>
File: 0x5CC6.png Graphic file (type png)
 <use 0x5CC6.png> [15 <C:/Users/Frieder/Documents/TUM/Ubitrack/Ubitrack/doc/misc/markers/0x05C8.png> <C:/Users/Frieder/D
ocuments/TUM/Ubitrack/Ubitrack/doc/misc/markers/0x5CC6.png>]
<0x5D1E.png, id=111, 301.125pt x 301.125pt>
File: 0x5D1E.png Graphic file (type png)
 <use 0x5D1E.png> <0x5FD7.png, id=112, 301.125pt x 301.125pt>
File: 0x5FD7.png Graphic file (type png)

<use 0x5FD7.png> <0x07EB.png, id=113, 301.125pt x 301.125pt>
File: 0x07EB.png Graphic file (type png)
 <use 0x07EB.png> [16 <C:/Users/Frieder/Documents/TUM/Ubitrack/Ubitrack/doc/misc/markers/0x5D1E.png> <C:/Users/Frieder/D
ocuments/TUM/Ubitrack/Ubitrack/doc/misc/markers/0x5FD7.png>] [17 <C:/Users/Frieder/Documents/TUM/Ubitrack/Ubitrack/doc/m
isc/markers/0x07EB.png>]
<0x7A0B.png, id=123, 301.125pt x 301.125pt>
File: 0x7A0B.png Graphic file (type png)
 <use 0x7A0B.png> <0x08DA.png, id=124, 301.125pt x 301.125pt>
File: 0x08DA.png Graphic file (type png)

<use 0x08DA.png> [18 <C:/Users/Frieder/Documents/TUM/Ubitrack/Ubitrack/doc/misc/markers/0x7A0B.png> <C:/Users/Frieder/Do
cuments/TUM/Ubitrack/Ubitrack/doc/misc/markers/0x08DA.png>] <0x9F3B.png, id=130, 301.125pt x 301.125pt>
File: 0x9F3B.png Graphic file (type png)

<use 0x9F3B.png> <0x12A8.png, id=131, 301.125pt x 301.125pt>
File: 0x12A8.png Graphic file (type png)
 <use 0x12A8.png> [19 <C:/Users/Frieder/Documents/TUM/Ubitrack/Ubitrack/doc/misc/markers/0x9F3B.png> <C:/Users/Frieder/D
ocuments/TUM/Ubitrack/Ubitrack/doc/misc/markers/0x12A8.png>] <0x13A1.png, id=138, 301.125pt x 301.125pt>
File: 0x13A1.png Graphic file (type png)
 <use 0x13A1.png> <0x14A1.png, id=139, 301.125pt x 301.125pt>
File: 0x14A1.png Graphic file (type png)

<use 0x14A1.png> [20 <C:/Users/Frieder/Documents/TUM/Ubitrack/Ubitrack/doc/misc/markers/0x13A1.png> <C:/Users/Frieder/Do
cuments/TUM/Ubitrack/Ubitrack/doc/misc/markers/0x14A1.png>] <0x16D1.png, id=145, 301.125pt x 301.125pt>
File: 0x16D1.png Graphic file (type png)

<use 0x16D1.png> <0x021B.png, id=146, 301.125pt x 301.125pt>
File: 0x021B.png Graphic file (type png)
 <use 0x021B.png> [21 <C:/Users/Frieder/Documents/TUM/Ubitrack/Ubitrack/doc/misc/markers/0x16D1.png> <C:/Users/Frieder/D
ocuments/TUM/Ubitrack/Ubitrack/doc/misc/markers/0x021B.png>] <0x33DF.png, id=152, 301.125pt x 301.125pt>
File: 0x33DF.png Graphic file (type png)
 <use 0x33DF.png> <0x43F6.png, id=153, 301.125pt x 301.125pt>
File: 0x43F6.png Graphic file (type png)

<use 0x43F6.png> [22 <C:/Users/Frieder/Documents/TUM/Ubitrack/Ubitrack/doc/misc/markers/0x33DF.png> <C:/Users/Frieder/Do
cuments/TUM/Ubitrack/Ubitrack/doc/misc/markers/0x43F6.png>] <0x051A.png, id=159, 301.125pt x 301.125pt>
File: 0x051A.png Graphic file (type png)

<use 0x051A.png> <0x0609.png, id=160, 301.125pt x 301.125pt>
File: 0x0609.png Graphic file (type png)
 <use 0x0609.png> [23 <C:/Users/Frieder/Documents/TUM/Ubitrack/Ubitrack/doc/misc/markers/0x051A.png> <C:/Users/Frieder/D
ocuments/TUM/Ubitrack/Ubitrack/doc/misc/markers/0x0609.png>] <0x1809.png, id=166, 301.125pt x 301.125pt>
File: 0x1809.png Graphic file (type png)
 <use 0x1809.png> <0xB38F.png, id=167, 301.125pt x 301.125pt>
File: 0xB38F.png Graphic file (type png)

<use 0xB38F.png> [24 <C:/Users/Frieder/Documents/TUM/Ubitrack/Ubitrack/doc/misc/markers/0x1809.png> <C:/Users/Frieder/Do
cuments/TUM/Ubitrack/Ubitrack/doc/misc/markers/0xB38F.png>]
(C:\Users\Frieder\Documents\TUM\Ubitrack\Ubitrack\doc\misc\markers\marker.aux)

LaTeX Warning: Label(s) may have changed. Rerun to get cross-references right.

 ) 
Here is how much of TeX's memory you used:
 2152 strings out of 495285
 31379 string characters out of 3180389
 97698 words of memory out of 3000000
 5337 multiletter control sequences out of 15000+200000
 3940 words of font info for 15 fonts, out of 3000000 for 9000
 14 hyphenation exceptions out of 8191
 35i,7n,35p,307b,220s stack positions out of 5000i,500n,10000p,200000b,50000s
<C:/Program Files/MiKTeX 2.8/fonts/type1/public/amsfonts/cm/cmr10.pfb>
Output written on marker.pdf (24 pages, 147130 bytes).
PDF statistics:
 178 PDF objects out of 1000 (max. 8388607)
 0 named destinations out of 1000 (max. 500000)
 236 words of extra memory for PDF output out of 10000 (max. 10000000)

